  mathpch.cpp
  Application.cpp
  EditorLayer.cpp
  GUI.cpp
C:\Users\alexe\OneDrive\Desktop\MatUTM\MatUTM\src\MatUTM\Core\GUI\GUI.cpp(59,34): warning C4305: 'argument': truncation from 'double' to 'GLfloat'
  Layer.cpp
  LayerStack.cpp
  Log.cpp
  main.cpp
  PloterWindow.cpp
C:\Users\alexe\OneDrive\Desktop\MatUTM\MatUTM\src\MatUTM\UI\Ploter\PloterWindow.cpp(48,17): warning C4244: '=': conversion from 'size_t' to 'float', possible loss of data
  ScriptingLua.cpp
  ScriptingWindow.cpp
  SettingsWindow.cpp
  Generating Code...
LINK : warning LNK4098: defaultlib 'MSVCRT' conflicts with use of other libs; use /NODEFAULTLIB:library
LINK : warning LNK4217: symbol '__stdio_common_vsscanf' defined in 'libucrt.lib(input.obj)' is imported by 'Glad.lib(glad.obj)' in function '_vsscanf_s_l'
LINK : warning LNK4217: symbol 'free' defined in 'libucrt.lib(free.obj)' is imported by 'Glad.lib(glad.obj)' in function 'free_exts'
LINK : warning LNK4217: symbol 'malloc' defined in 'libucrt.lib(malloc.obj)' is imported by 'Glad.lib(glad.obj)' in function 'get_exts'
LINK : warning LNK4217: symbol 'realloc' defined in 'libucrt.lib(realloc.obj)' is imported by 'Glad.lib(glad.obj)' in function 'get_exts'
LINK : warning LNK4217: symbol 'strncmp' defined in 'libucrt.lib(strncmp.obj)' is imported by 'Glad.lib(glad.obj)' in function 'find_coreGL'
  MatUTM.vcxproj -> C:\Users\alexe\OneDrive\Desktop\MatUTM\bin\Dist-windows-x86_64\MatUTM\MatUTM.exe
